
C:\Users\pendant\Documents\middleware>"C:\python\python.exe" "C:\Users\pendant\Documents\middleware\TCP_Client_v2.py" 
connecting to server..
handshake sent.
H
handshake sent.
04238|02|0121167400004.txt|20201218|091119|
handshake sent.
handshake sent.
handshake sent.
handshake sent.
handshake sent.
handshake sent.
handshake sent.
handshake sent.
handshake sent.
handshake sent.
handshake sent.
H04239|02|0121167400004.txt|20201218|091119|HHHHHHHHHH
handshake sent.
handshake sent.
handshake sent.
handshake sent.
handshake sent.
handshake sent.
handshake sent.
handshake sent.
handshake sent.
handshake sent.
handshake sent.
handshake sent.
handshake sent.
handshake sent.
handshake sent.
handshake sent.
handshake sent.
handshake sent.
Terminate batch job (Y/N)? 